No .env file found at //.env
c â–ˆâ–ˆâ•—    â–ˆâ–ˆâ•— â–ˆâ–ˆâ–ˆâ–ˆâ–ˆâ•— â–ˆâ–ˆâ•—     â–ˆâ–ˆâ•—     â–ˆâ–ˆâ–ˆâ–ˆâ–ˆâ–ˆâ•—  â–ˆâ–ˆâ–ˆâ–ˆâ–ˆâ•— â–ˆâ–ˆâ–ˆâ–ˆâ–ˆâ–ˆâ•— â–ˆâ–ˆâ–ˆâ–ˆâ–ˆâ–ˆâ–ˆâ•—â–ˆâ–ˆâ–ˆâ–ˆâ–ˆâ–ˆâ•—     â–ˆâ–ˆâ–ˆâ•—   â–ˆâ–ˆâ•— â–ˆâ–ˆâ–ˆâ–ˆâ–ˆâ–ˆâ•— â–ˆâ–ˆâ–ˆâ•—   â–ˆâ–ˆâ•—
 â–ˆâ–ˆâ•‘    â–ˆâ–ˆâ•‘â–ˆâ–ˆâ•”â•â•â–ˆâ–ˆâ•—â–ˆâ–ˆâ•‘     â–ˆâ–ˆâ•‘     â–ˆâ–ˆâ•”â•â•â–ˆâ–ˆâ•—â–ˆâ–ˆâ•”â•â•â–ˆâ–ˆâ•—â–ˆâ–ˆâ•”â•â•â–ˆâ–ˆâ•—â–ˆâ–ˆâ•”â•â•â•â•â•â–ˆâ–ˆâ•”â•â•â–ˆâ–ˆâ•—    â–ˆâ–ˆâ–ˆâ–ˆâ•—  â–ˆâ–ˆâ•‘â–ˆâ–ˆâ•”â•â•â•â•â• â–ˆâ–ˆâ–ˆâ–ˆâ•—  â–ˆâ–ˆâ•‘
 â–ˆâ–ˆâ•‘ â–ˆâ•— â–ˆâ–ˆâ•‘â–ˆâ–ˆâ–ˆâ–ˆâ–ˆâ–ˆâ–ˆâ•‘â–ˆâ–ˆâ•‘     â–ˆâ–ˆâ•‘     â–ˆâ–ˆâ–ˆâ–ˆâ–ˆâ–ˆâ•”â•â–ˆâ–ˆâ–ˆâ–ˆâ–ˆâ–ˆâ–ˆâ•‘â–ˆâ–ˆâ–ˆâ–ˆâ–ˆâ–ˆâ•”â•â–ˆâ–ˆâ–ˆâ–ˆâ–ˆâ•—  â–ˆâ–ˆâ–ˆâ–ˆâ–ˆâ–ˆâ•”â•    â–ˆâ–ˆâ•”â–ˆâ–ˆâ•— â–ˆâ–ˆâ•‘â–ˆâ–ˆâ•‘  â–ˆâ–ˆâ–ˆâ•—â–ˆâ–ˆâ•”â–ˆâ–ˆâ•— â–ˆâ–ˆâ•‘
 â–ˆâ–ˆâ•‘â–ˆâ–ˆâ–ˆâ•—â–ˆâ–ˆâ•‘â–ˆâ–ˆâ•”â•â•â–ˆâ–ˆâ•‘â–ˆâ–ˆâ•‘     â–ˆâ–ˆâ•‘     â–ˆâ–ˆâ•”â•â•â•â• â–ˆâ–ˆâ•”â•â•â–ˆâ–ˆâ•‘â–ˆâ–ˆâ•”â•â•â•â• â–ˆâ–ˆâ•”â•â•â•  â–ˆâ–ˆâ•”â•â•â–ˆâ–ˆâ•—    â–ˆâ–ˆâ•‘â•šâ–ˆâ–ˆâ•—â–ˆâ–ˆâ•‘â–ˆâ–ˆâ•‘   â–ˆâ–ˆâ•‘â–ˆâ–ˆâ•‘â•šâ–ˆâ–ˆâ•—â–ˆâ–ˆâ•‘
 â•šâ–ˆâ–ˆâ–ˆâ•”â–ˆâ–ˆâ–ˆâ•”â•â–ˆâ–ˆâ•‘  â–ˆâ–ˆâ•‘â–ˆâ–ˆâ–ˆâ–ˆâ–ˆâ–ˆâ–ˆâ•—â–ˆâ–ˆâ–ˆâ–ˆâ–ˆâ–ˆâ–ˆâ•—â–ˆâ–ˆâ•‘     â–ˆâ–ˆâ•‘  â–ˆâ–ˆâ•‘â–ˆâ–ˆâ•‘     â–ˆâ–ˆâ–ˆâ–ˆâ–ˆâ–ˆâ–ˆâ•—â–ˆâ–ˆâ•‘  â–ˆâ–ˆâ•‘    â–ˆâ–ˆâ•‘ â•šâ–ˆâ–ˆâ–ˆâ–ˆâ•‘â•šâ–ˆâ–ˆâ–ˆâ–ˆâ–ˆâ–ˆâ•”â•â–ˆâ–ˆâ•‘ â•šâ–ˆâ–ˆâ–ˆâ–ˆâ•‘
  â•šâ•â•â•â•šâ•â•â• â•šâ•â•  â•šâ•â•â•šâ•â•â•â•â•â•â•â•šâ•â•â•â•â•â•â•â•šâ•â•     â•šâ•â•  â•šâ•â•â•šâ•â•     â•šâ•â•â•â•â•â•â•â•šâ•â•  â•šâ•â•    â•šâ•â•  â•šâ•â•â•â• â•šâ•â•â•â•â•â• â•šâ•â•  â•šâ•â•â•â•
                                                                                                            

Configuration:
  Wallpapers directory: /Users/stanislavvarga/Wallpapers
  Config directory: /Users/stanislavvarga/.wallpaper-ngn
  Config file: /Users/stanislavvarga/.wallpaper-ngn/config.json

Current time of day: afternoon
Setting afternoon wallpaper: /Users/stanislavvarga/Wallpapers/afternoon/romeo-a-HQhyRYJS6b4-unsplash.jpg
Wallpaper set successfully on all screens!
No .env file found at //.env
c â–ˆâ–ˆâ•—    â–ˆâ–ˆâ•— â–ˆâ–ˆâ–ˆâ–ˆâ–ˆâ•— â–ˆâ–ˆâ•—     â–ˆâ–ˆâ•—     â–ˆâ–ˆâ–ˆâ–ˆâ–ˆâ–ˆâ•—  â–ˆâ–ˆâ–ˆâ–ˆâ–ˆâ•— â–ˆâ–ˆâ–ˆâ–ˆâ–ˆâ–ˆâ•— â–ˆâ–ˆâ–ˆâ–ˆâ–ˆâ–ˆâ–ˆâ•—â–ˆâ–ˆâ–ˆâ–ˆâ–ˆâ–ˆâ•—     â–ˆâ–ˆâ–ˆâ•—   â–ˆâ–ˆâ•— â–ˆâ–ˆâ–ˆâ–ˆâ–ˆâ–ˆâ•— â–ˆâ–ˆâ–ˆâ•—   â–ˆâ–ˆâ•—
 â–ˆâ–ˆâ•‘    â–ˆâ–ˆâ•‘â–ˆâ–ˆâ•”â•â•â–ˆâ–ˆâ•—â–ˆâ–ˆâ•‘     â–ˆâ–ˆâ•‘     â–ˆâ–ˆâ•”â•â•â–ˆâ–ˆâ•—â–ˆâ–ˆâ•”â•â•â–ˆâ–ˆâ•—â–ˆâ–ˆâ•”â•â•â–ˆâ–ˆâ•—â–ˆâ–ˆâ•”â•â•â•â•â•â–ˆâ–ˆâ•”â•â•â–ˆâ–ˆâ•—    â–ˆâ–ˆâ–ˆâ–ˆâ•—  â–ˆâ–ˆâ•‘â–ˆâ–ˆâ•”â•â•â•â•â• â–ˆâ–ˆâ–ˆâ–ˆâ•—  â–ˆâ–ˆâ•‘
 â–ˆâ–ˆâ•‘ â–ˆâ•— â–ˆâ–ˆâ•‘â–ˆâ–ˆâ–ˆâ–ˆâ–ˆâ–ˆâ–ˆâ•‘â–ˆâ–ˆâ•‘     â–ˆâ–ˆâ•‘     â–ˆâ–ˆâ–ˆâ–ˆâ–ˆâ–ˆâ•”â•â–ˆâ–ˆâ–ˆâ–ˆâ–ˆâ–ˆâ–ˆâ•‘â–ˆâ–ˆâ–ˆâ–ˆâ–ˆâ–ˆâ•”â•â–ˆâ–ˆâ–ˆâ–ˆâ–ˆâ•—  â–ˆâ–ˆâ–ˆâ–ˆâ–ˆâ–ˆâ•”â•    â–ˆâ–ˆâ•”â–ˆâ–ˆâ•— â–ˆâ–ˆâ•‘â–ˆâ–ˆâ•‘  â–ˆâ–ˆâ–ˆâ•—â–ˆâ–ˆâ•”â–ˆâ–ˆâ•— â–ˆâ–ˆâ•‘
 â–ˆâ–ˆâ•‘â–ˆâ–ˆâ–ˆâ•—â–ˆâ–ˆâ•‘â–ˆâ–ˆâ•”â•â•â–ˆâ–ˆâ•‘â–ˆâ–ˆâ•‘     â–ˆâ–ˆâ•‘     â–ˆâ–ˆâ•”â•â•â•â• â–ˆâ–ˆâ•”â•â•â–ˆâ–ˆâ•‘â–ˆâ–ˆâ•”â•â•â•â• â–ˆâ–ˆâ•”â•â•â•  â–ˆâ–ˆâ•”â•â•â–ˆâ–ˆâ•—    â–ˆâ–ˆâ•‘â•šâ–ˆâ–ˆâ•—â–ˆâ–ˆâ•‘â–ˆâ–ˆâ•‘   â–ˆâ–ˆâ•‘â–ˆâ–ˆâ•‘â•šâ–ˆâ–ˆâ•—â–ˆâ–ˆâ•‘
 â•šâ–ˆâ–ˆâ–ˆâ•”â–ˆâ–ˆâ–ˆâ•”â•â–ˆâ–ˆâ•‘  â–ˆâ–ˆâ•‘â–ˆâ–ˆâ–ˆâ–ˆâ–ˆâ–ˆâ–ˆâ•—â–ˆâ–ˆâ–ˆâ–ˆâ–ˆâ–ˆâ–ˆâ•—â–ˆâ–ˆâ•‘     â–ˆâ–ˆâ•‘  â–ˆâ–ˆâ•‘â–ˆâ–ˆâ•‘     â–ˆâ–ˆâ–ˆâ–ˆâ–ˆâ–ˆâ–ˆâ•—â–ˆâ–ˆâ•‘  â–ˆâ–ˆâ•‘    â–ˆâ–ˆâ•‘ â•šâ–ˆâ–ˆâ–ˆâ–ˆâ•‘â•šâ–ˆâ–ˆâ–ˆâ–ˆâ–ˆâ–ˆâ•”â•â–ˆâ–ˆâ•‘ â•šâ–ˆâ–ˆâ–ˆâ–ˆâ•‘
  â•šâ•â•â•â•šâ•â•â• â•šâ•â•  â•šâ•â•â•šâ•â•â•â•â•â•â•â•šâ•â•â•â•â•â•â•â•šâ•â•     â•šâ•â•  â•šâ•â•â•šâ•â•     â•šâ•â•â•â•â•â•â•â•šâ•â•  â•šâ•â•    â•šâ•â•  â•šâ•â•â•â• â•šâ•â•â•â•â•â• â•šâ•â•  â•šâ•â•â•â•
                                                                                                            

Configuration:
  Wallpapers directory: /Users/stanislavvarga/Wallpapers
  Config directory: /Users/stanislavvarga/.wallpaper-ngn
  Config file: /Users/stanislavvarga/.wallpaper-ngn/config.json

Current time of day: afternoon
Setting afternoon wallpaper: /Users/stanislavvarga/Wallpapers/afternoon/marek-piwnicki-bK7OVZx3eBw-unsplash.jpg
Wallpaper set successfully on all screens!
No .env file found at //.env
c â–ˆâ–ˆâ•—    â–ˆâ–ˆâ•— â–ˆâ–ˆâ–ˆâ–ˆâ–ˆâ•— â–ˆâ–ˆâ•—     â–ˆâ–ˆâ•—     â–ˆâ–ˆâ–ˆâ–ˆâ–ˆâ–ˆâ•—  â–ˆâ–ˆâ–ˆâ–ˆâ–ˆâ•— â–ˆâ–ˆâ–ˆâ–ˆâ–ˆâ–ˆâ•— â–ˆâ–ˆâ–ˆâ–ˆâ–ˆâ–ˆâ–ˆâ•—â–ˆâ–ˆâ–ˆâ–ˆâ–ˆâ–ˆâ•—     â–ˆâ–ˆâ–ˆâ•—   â–ˆâ–ˆâ•— â–ˆâ–ˆâ–ˆâ–ˆâ–ˆâ–ˆâ•— â–ˆâ–ˆâ–ˆâ•—   â–ˆâ–ˆâ•—
 â–ˆâ–ˆâ•‘    â–ˆâ–ˆâ•‘â–ˆâ–ˆâ•”â•â•â–ˆâ–ˆâ•—â–ˆâ–ˆâ•‘     â–ˆâ–ˆâ•‘     â–ˆâ–ˆâ•”â•â•â–ˆâ–ˆâ•—â–ˆâ–ˆâ•”â•â•â–ˆâ–ˆâ•—â–ˆâ–ˆâ•”â•â•â–ˆâ–ˆâ•—â–ˆâ–ˆâ•”â•â•â•â•â•â–ˆâ–ˆâ•”â•â•â–ˆâ–ˆâ•—    â–ˆâ–ˆâ–ˆâ–ˆâ•—  â–ˆâ–ˆâ•‘â–ˆâ–ˆâ•”â•â•â•â•â• â–ˆâ–ˆâ–ˆâ–ˆâ•—  â–ˆâ–ˆâ•‘
 â–ˆâ–ˆâ•‘ â–ˆâ•— â–ˆâ–ˆâ•‘â–ˆâ–ˆâ–ˆâ–ˆâ–ˆâ–ˆâ–ˆâ•‘â–ˆâ–ˆâ•‘     â–ˆâ–ˆâ•‘     â–ˆâ–ˆâ–ˆâ–ˆâ–ˆâ–ˆâ•”â•â–ˆâ–ˆâ–ˆâ–ˆâ–ˆâ–ˆâ–ˆâ•‘â–ˆâ–ˆâ–ˆâ–ˆâ–ˆâ–ˆâ•”â•â–ˆâ–ˆâ–ˆâ–ˆâ–ˆâ•—  â–ˆâ–ˆâ–ˆâ–ˆâ–ˆâ–ˆâ•”â•    â–ˆâ–ˆâ•”â–ˆâ–ˆâ•— â–ˆâ–ˆâ•‘â–ˆâ–ˆâ•‘  â–ˆâ–ˆâ–ˆâ•—â–ˆâ–ˆâ•”â–ˆâ–ˆâ•— â–ˆâ–ˆâ•‘
 â–ˆâ–ˆâ•‘â–ˆâ–ˆâ–ˆâ•—â–ˆâ–ˆâ•‘â–ˆâ–ˆâ•”â•â•â–ˆâ–ˆâ•‘â–ˆâ–ˆâ•‘     â–ˆâ–ˆâ•‘     â–ˆâ–ˆâ•”â•â•â•â• â–ˆâ–ˆâ•”â•â•â–ˆâ–ˆâ•‘â–ˆâ–ˆâ•”â•â•â•â• â–ˆâ–ˆâ•”â•â•â•  â–ˆâ–ˆâ•”â•â•â–ˆâ–ˆâ•—    â–ˆâ–ˆâ•‘â•šâ–ˆâ–ˆâ•—â–ˆâ–ˆâ•‘â–ˆâ–ˆâ•‘   â–ˆâ–ˆâ•‘â–ˆâ–ˆâ•‘â•šâ–ˆâ–ˆâ•—â–ˆâ–ˆâ•‘
 â•šâ–ˆâ–ˆâ–ˆâ•”â–ˆâ–ˆâ–ˆâ•”â•â–ˆâ–ˆâ•‘  â–ˆâ–ˆâ•‘â–ˆâ–ˆâ–ˆâ–ˆâ–ˆâ–ˆâ–ˆâ•—â–ˆâ–ˆâ–ˆâ–ˆâ–ˆâ–ˆâ–ˆâ•—â–ˆâ–ˆâ•‘     â–ˆâ–ˆâ•‘  â–ˆâ–ˆâ•‘â–ˆâ–ˆâ•‘     â–ˆâ–ˆâ–ˆâ–ˆâ–ˆâ–ˆâ–ˆâ•—â–ˆâ–ˆâ•‘  â–ˆâ–ˆâ•‘    â–ˆâ–ˆâ•‘ â•šâ–ˆâ–ˆâ–ˆâ–ˆâ•‘â•šâ–ˆâ–ˆâ–ˆâ–ˆâ–ˆâ–ˆâ•”â•â–ˆâ–ˆâ•‘ â•šâ–ˆâ–ˆâ–ˆâ–ˆâ•‘
  â•šâ•â•â•â•šâ•â•â• â•šâ•â•  â•šâ•â•â•šâ•â•â•â•â•â•â•â•šâ•â•â•â•â•â•â•â•šâ•â•     â•šâ•â•  â•šâ•â•â•šâ•â•     â•šâ•â•â•â•â•â•â•â•šâ•â•  â•šâ•â•    â•šâ•â•  â•šâ•â•â•â• â•šâ•â•â•â•â•â• â•šâ•â•  â•šâ•â•â•â•
                                                                                                            

Configuration:
  Wallpapers directory: /Users/stanislavvarga/Wallpapers
  Config directory: /Users/stanislavvarga/.wallpaper-ngn
  Config file: /Users/stanislavvarga/.wallpaper-ngn/config.json

Current time of day: sunset
Setting sunset wallpaper: /Users/stanislavvarga/Wallpapers/sunset/tobias-reich-9BKSdvsRSuA-unsplash.jpg
Wallpaper set successfully on all screens!
No .env file found at //.env
c â–ˆâ–ˆâ•—    â–ˆâ–ˆâ•— â–ˆâ–ˆâ–ˆâ–ˆâ–ˆâ•— â–ˆâ–ˆâ•—     â–ˆâ–ˆâ•—     â–ˆâ–ˆâ–ˆâ–ˆâ–ˆâ–ˆâ•—  â–ˆâ–ˆâ–ˆâ–ˆâ–ˆâ•— â–ˆâ–ˆâ–ˆâ–ˆâ–ˆâ–ˆâ•— â–ˆâ–ˆâ–ˆâ–ˆâ–ˆâ–ˆâ–ˆâ•—â–ˆâ–ˆâ–ˆâ–ˆâ–ˆâ–ˆâ•—     â–ˆâ–ˆâ–ˆâ•—   â–ˆâ–ˆâ•— â–ˆâ–ˆâ–ˆâ–ˆâ–ˆâ–ˆâ•— â–ˆâ–ˆâ–ˆâ•—   â–ˆâ–ˆâ•—
 â–ˆâ–ˆâ•‘    â–ˆâ–ˆâ•‘â–ˆâ–ˆâ•”â•â•â–ˆâ–ˆâ•—â–ˆâ–ˆâ•‘     â–ˆâ–ˆâ•‘     â–ˆâ–ˆâ•”â•â•â–ˆâ–ˆâ•—â–ˆâ–ˆâ•”â•â•â–ˆâ–ˆâ•—â–ˆâ–ˆâ•”â•â•â–ˆâ–ˆâ•—â–ˆâ–ˆâ•”â•â•â•â•â•â–ˆâ–ˆâ•”â•â•â–ˆâ–ˆâ•—    â–ˆâ–ˆâ–ˆâ–ˆâ•—  â–ˆâ–ˆâ•‘â–ˆâ–ˆâ•”â•â•â•â•â• â–ˆâ–ˆâ–ˆâ–ˆâ•—  â–ˆâ–ˆâ•‘
 â–ˆâ–ˆâ•‘ â–ˆâ•— â–ˆâ–ˆâ•‘â–ˆâ–ˆâ–ˆâ–ˆâ–ˆâ–ˆâ–ˆâ•‘â–ˆâ–ˆâ•‘     â–ˆâ–ˆâ•‘     â–ˆâ–ˆâ–ˆâ–ˆâ–ˆâ–ˆâ•”â•â–ˆâ–ˆâ–ˆâ–ˆâ–ˆâ–ˆâ–ˆâ•‘â–ˆâ–ˆâ–ˆâ–ˆâ–ˆâ–ˆâ•”â•â–ˆâ–ˆâ–ˆâ–ˆâ–ˆâ•—  â–ˆâ–ˆâ–ˆâ–ˆâ–ˆâ–ˆâ•”â•    â–ˆâ–ˆâ•”â–ˆâ–ˆâ•— â–ˆâ–ˆâ•‘â–ˆâ–ˆâ•‘  â–ˆâ–ˆâ–ˆâ•—â–ˆâ–ˆâ•”â–ˆâ–ˆâ•— â–ˆâ–ˆâ•‘
 â–ˆâ–ˆâ•‘â–ˆâ–ˆâ–ˆâ•—â–ˆâ–ˆâ•‘â–ˆâ–ˆâ•”â•â•â–ˆâ–ˆâ•‘â–ˆâ–ˆâ•‘     â–ˆâ–ˆâ•‘     â–ˆâ–ˆâ•”â•â•â•â• â–ˆâ–ˆâ•”â•â•â–ˆâ–ˆâ•‘â–ˆâ–ˆâ•”â•â•â•â• â–ˆâ–ˆâ•”â•â•â•  â–ˆâ–ˆâ•”â•â•â–ˆâ–ˆâ•—    â–ˆâ–ˆâ•‘â•šâ–ˆâ–ˆâ•—â–ˆâ–ˆâ•‘â–ˆâ–ˆâ•‘   â–ˆâ–ˆâ•‘â–ˆâ–ˆâ•‘â•šâ–ˆâ–ˆâ•—â–ˆâ–ˆâ•‘
 â•šâ–ˆâ–ˆâ–ˆâ•”â–ˆâ–ˆâ–ˆâ•”â•â–ˆâ–ˆâ•‘  â–ˆâ–ˆâ•‘â–ˆâ–ˆâ–ˆâ–ˆâ–ˆâ–ˆâ–ˆâ•—â–ˆâ–ˆâ–ˆâ–ˆâ–ˆâ–ˆâ–ˆâ•—â–ˆâ–ˆâ•‘     â–ˆâ–ˆâ•‘  â–ˆâ–ˆâ•‘â–ˆâ–ˆâ•‘     â–ˆâ–ˆâ–ˆâ–ˆâ–ˆâ–ˆâ–ˆâ•—â–ˆâ–ˆâ•‘  â–ˆâ–ˆâ•‘    â–ˆâ–ˆâ•‘ â•šâ–ˆâ–ˆâ–ˆâ–ˆâ•‘â•šâ–ˆâ–ˆâ–ˆâ–ˆâ–ˆâ–ˆâ•”â•â–ˆâ–ˆâ•‘ â•šâ–ˆâ–ˆâ–ˆâ–ˆâ•‘
  â•šâ•â•â•â•šâ•â•â• â•šâ•â•  â•šâ•â•â•šâ•â•â•â•â•â•â•â•šâ•â•â•â•â•â•â•â•šâ•â•     â•šâ•â•  â•šâ•â•â•šâ•â•     â•šâ•â•â•â•â•â•â•â•šâ•â•  â•šâ•â•    â•šâ•â•  â•šâ•â•â•â• â•šâ•â•â•â•â•â• â•šâ•â•  â•šâ•â•â•â•
                                                                                                            

Configuration:
  Wallpapers directory: /Users/stanislavvarga/Wallpapers
  Config directory: /Users/stanislavvarga/.wallpaper-ngn
  Config file: /Users/stanislavvarga/.wallpaper-ngn/config.json

Current time of day: morning
Setting morning wallpaper: /Users/stanislavvarga/Wallpapers/morning/tobias-reich-dH9QheuWtGw-unsplash.jpg
Wallpaper set successfully on all screens!
No .env file found at //.env
c â–ˆâ–ˆâ•—    â–ˆâ–ˆâ•— â–ˆâ–ˆâ–ˆâ–ˆâ–ˆâ•— â–ˆâ–ˆâ•—     â–ˆâ–ˆâ•—     â–ˆâ–ˆâ–ˆâ–ˆâ–ˆâ–ˆâ•—  â–ˆâ–ˆâ–ˆâ–ˆâ–ˆâ•— â–ˆâ–ˆâ–ˆâ–ˆâ–ˆâ–ˆâ•— â–ˆâ–ˆâ–ˆâ–ˆâ–ˆâ–ˆâ–ˆâ•—â–ˆâ–ˆâ–ˆâ–ˆâ–ˆâ–ˆâ•—     â–ˆâ–ˆâ–ˆâ•—   â–ˆâ–ˆâ•— â–ˆâ–ˆâ–ˆâ–ˆâ–ˆâ–ˆâ•— â–ˆâ–ˆâ–ˆâ•—   â–ˆâ–ˆâ•—
 â–ˆâ–ˆâ•‘    â–ˆâ–ˆâ•‘â–ˆâ–ˆâ•”â•â•â–ˆâ–ˆâ•—â–ˆâ–ˆâ•‘     â–ˆâ–ˆâ•‘     â–ˆâ–ˆâ•”â•â•â–ˆâ–ˆâ•—â–ˆâ–ˆâ•”â•â•â–ˆâ–ˆâ•—â–ˆâ–ˆâ•”â•â•â–ˆâ–ˆâ•—â–ˆâ–ˆâ•”â•â•â•â•â•â–ˆâ–ˆâ•”â•â•â–ˆâ–ˆâ•—    â–ˆâ–ˆâ–ˆâ–ˆâ•—  â–ˆâ–ˆâ•‘â–ˆâ–ˆâ•”â•â•â•â•â• â–ˆâ–ˆâ–ˆâ–ˆâ•—  â–ˆâ–ˆâ•‘
 â–ˆâ–ˆâ•‘ â–ˆâ•— â–ˆâ–ˆâ•‘â–ˆâ–ˆâ–ˆâ–ˆâ–ˆâ–ˆâ–ˆâ•‘â–ˆâ–ˆâ•‘     â–ˆâ–ˆâ•‘     â–ˆâ–ˆâ–ˆâ–ˆâ–ˆâ–ˆâ•”â•â–ˆâ–ˆâ–ˆâ–ˆâ–ˆâ–ˆâ–ˆâ•‘â–ˆâ–ˆâ–ˆâ–ˆâ–ˆâ–ˆâ•”â•â–ˆâ–ˆâ–ˆâ–ˆâ–ˆâ•—  â–ˆâ–ˆâ–ˆâ–ˆâ–ˆâ–ˆâ•”â•    â–ˆâ–ˆâ•”â–ˆâ–ˆâ•— â–ˆâ–ˆâ•‘â–ˆâ–ˆâ•‘  â–ˆâ–ˆâ–ˆâ•—â–ˆâ–ˆâ•”â–ˆâ–ˆâ•— â–ˆâ–ˆâ•‘
 â–ˆâ–ˆâ•‘â–ˆâ–ˆâ–ˆâ•—â–ˆâ–ˆâ•‘â–ˆâ–ˆâ•”â•â•â–ˆâ–ˆâ•‘â–ˆâ–ˆâ•‘     â–ˆâ–ˆâ•‘     â–ˆâ–ˆâ•”â•â•â•â• â–ˆâ–ˆâ•”â•â•â–ˆâ–ˆâ•‘â–ˆâ–ˆâ•”â•â•â•â• â–ˆâ–ˆâ•”â•â•â•  â–ˆâ–ˆâ•”â•â•â–ˆâ–ˆâ•—    â–ˆâ–ˆâ•‘â•šâ–ˆâ–ˆâ•—â–ˆâ–ˆâ•‘â–ˆâ–ˆâ•‘   â–ˆâ–ˆâ•‘â–ˆâ–ˆâ•‘â•šâ–ˆâ–ˆâ•—â–ˆâ–ˆâ•‘
 â•šâ–ˆâ–ˆâ–ˆâ•”â–ˆâ–ˆâ–ˆâ•”â•â–ˆâ–ˆâ•‘  â–ˆâ–ˆâ•‘â–ˆâ–ˆâ–ˆâ–ˆâ–ˆâ–ˆâ–ˆâ•—â–ˆâ–ˆâ–ˆâ–ˆâ–ˆâ–ˆâ–ˆâ•—â–ˆâ–ˆâ•‘     â–ˆâ–ˆâ•‘  â–ˆâ–ˆâ•‘â–ˆâ–ˆâ•‘     â–ˆâ–ˆâ–ˆâ–ˆâ–ˆâ–ˆâ–ˆâ•—â–ˆâ–ˆâ•‘  â–ˆâ–ˆâ•‘    â–ˆâ–ˆâ•‘ â•šâ–ˆâ–ˆâ–ˆâ–ˆâ•‘â•šâ–ˆâ–ˆâ–ˆâ–ˆâ–ˆâ–ˆâ•”â•â–ˆâ–ˆâ•‘ â•šâ–ˆâ–ˆâ–ˆâ–ˆâ•‘
  â•šâ•â•â•â•šâ•â•â• â•šâ•â•  â•šâ•â•â•šâ•â•â•â•â•â•â•â•šâ•â•â•â•â•â•â•â•šâ•â•     â•šâ•â•  â•šâ•â•â•šâ•â•     â•šâ•â•â•â•â•â•â•â•šâ•â•  â•šâ•â•    â•šâ•â•  â•šâ•â•â•â• â•šâ•â•â•â•â•â• â•šâ•â•  â•šâ•â•â•â•
                                                                                                            

Configuration:
  Wallpapers directory: /Users/stanislavvarga/Wallpapers
  Config directory: /Users/stanislavvarga/.wallpaper-ngn
  Config file: /Users/stanislavvarga/.wallpaper-ngn/config.json

Current time of day: afternoon
Setting afternoon wallpaper: /Users/stanislavvarga/Wallpapers/afternoon/marek-piwnicki-aZxYjgudDdQ-unsplash.jpg
Wallpaper set successfully on all screens!
No .env file found at //.env
c â–ˆâ–ˆâ•—    â–ˆâ–ˆâ•— â–ˆâ–ˆâ–ˆâ–ˆâ–ˆâ•— â–ˆâ–ˆâ•—     â–ˆâ–ˆâ•—     â–ˆâ–ˆâ–ˆâ–ˆâ–ˆâ–ˆâ•—  â–ˆâ–ˆâ–ˆâ–ˆâ–ˆâ•— â–ˆâ–ˆâ–ˆâ–ˆâ–ˆâ–ˆâ•— â–ˆâ–ˆâ–ˆâ–ˆâ–ˆâ–ˆâ–ˆâ•—â–ˆâ–ˆâ–ˆâ–ˆâ–ˆâ–ˆâ•—     â–ˆâ–ˆâ–ˆâ•—   â–ˆâ–ˆâ•— â–ˆâ–ˆâ–ˆâ–ˆâ–ˆâ–ˆâ•— â–ˆâ–ˆâ–ˆâ•—   â–ˆâ–ˆâ•—
 â–ˆâ–ˆâ•‘    â–ˆâ–ˆâ•‘â–ˆâ–ˆâ•”â•â•â–ˆâ–ˆâ•—â–ˆâ–ˆâ•‘     â–ˆâ–ˆâ•‘     â–ˆâ–ˆâ•”â•â•â–ˆâ–ˆâ•—â–ˆâ–ˆâ•”â•â•â–ˆâ–ˆâ•—â–ˆâ–ˆâ•”â•â•â–ˆâ–ˆâ•—â–ˆâ–ˆâ•”â•â•â•â•â•â–ˆâ–ˆâ•”â•â•â–ˆâ–ˆâ•—    â–ˆâ–ˆâ–ˆâ–ˆâ•—  â–ˆâ–ˆâ•‘â–ˆâ–ˆâ•”â•â•â•â•â• â–ˆâ–ˆâ–ˆâ–ˆâ•—  â–ˆâ–ˆâ•‘
 â–ˆâ–ˆâ•‘ â–ˆâ•— â–ˆâ–ˆâ•‘â–ˆâ–ˆâ–ˆâ–ˆâ–ˆâ–ˆâ–ˆâ•‘â–ˆâ–ˆâ•‘     â–ˆâ–ˆâ•‘     â–ˆâ–ˆâ–ˆâ–ˆâ–ˆâ–ˆâ•”â•â–ˆâ–ˆâ–ˆâ–ˆâ–ˆâ–ˆâ–ˆâ•‘â–ˆâ–ˆâ–ˆâ–ˆâ–ˆâ–ˆâ•”â•â–ˆâ–ˆâ–ˆâ–ˆâ–ˆâ•—  â–ˆâ–ˆâ–ˆâ–ˆâ–ˆâ–ˆâ•”â•    â–ˆâ–ˆâ•”â–ˆâ–ˆâ•— â–ˆâ–ˆâ•‘â–ˆâ–ˆâ•‘  â–ˆâ–ˆâ–ˆâ•—â–ˆâ–ˆâ•”â–ˆâ–ˆâ•— â–ˆâ–ˆâ•‘
 â–ˆâ–ˆâ•‘â–ˆâ–ˆâ–ˆâ•—â–ˆâ–ˆâ•‘â–ˆâ–ˆâ•”â•â•â–ˆâ–ˆâ•‘â–ˆâ–ˆâ•‘     â–ˆâ–ˆâ•‘     â–ˆâ–ˆâ•”â•â•â•â• â–ˆâ–ˆâ•”â•â•â–ˆâ–ˆâ•‘â–ˆâ–ˆâ•”â•â•â•â• â–ˆâ–ˆâ•”â•â•â•  â–ˆâ–ˆâ•”â•â•â–ˆâ–ˆâ•—    â–ˆâ–ˆâ•‘â•šâ–ˆâ–ˆâ•—â–ˆâ–ˆâ•‘â–ˆâ–ˆâ•‘   â–ˆâ–ˆâ•‘â–ˆâ–ˆâ•‘â•šâ–ˆâ–ˆâ•—â–ˆâ–ˆâ•‘
 â•šâ–ˆâ–ˆâ–ˆâ•”â–ˆâ–ˆâ–ˆâ•”â•â–ˆâ–ˆâ•‘  â–ˆâ–ˆâ•‘â–ˆâ–ˆâ–ˆâ–ˆâ–ˆâ–ˆâ–ˆâ•—â–ˆâ–ˆâ–ˆâ–ˆâ–ˆâ–ˆâ–ˆâ•—â–ˆâ–ˆâ•‘     â–ˆâ–ˆâ•‘  â–ˆâ–ˆâ•‘â–ˆâ–ˆâ•‘     â–ˆâ–ˆâ–ˆâ–ˆâ–ˆâ–ˆâ–ˆâ•—â–ˆâ–ˆâ•‘  â–ˆâ–ˆâ•‘    â–ˆâ–ˆâ•‘ â•šâ–ˆâ–ˆâ–ˆâ–ˆâ•‘â•šâ–ˆâ–ˆâ–ˆâ–ˆâ–ˆâ–ˆâ•”â•â–ˆâ–ˆâ•‘ â•šâ–ˆâ–ˆâ–ˆâ–ˆâ•‘
  â•šâ•â•â•â•šâ•â•â• â•šâ•â•  â•šâ•â•â•šâ•â•â•â•â•â•â•â•šâ•â•â•â•â•â•â•â•šâ•â•     â•šâ•â•  â•šâ•â•â•šâ•â•     â•šâ•â•â•â•â•â•â•â•šâ•â•  â•šâ•â•    â•šâ•â•  â•šâ•â•â•â• â•šâ•â•â•â•â•â• â•šâ•â•  â•šâ•â•â•â•
                                                                                                            

Configuration:
  Wallpapers directory: /Users/stanislavvarga/Wallpapers
  Config directory: /Users/stanislavvarga/.wallpaper-ngn
  Config file: /Users/stanislavvarga/.wallpaper-ngn/config.json

Current time of day: afternoon
Setting afternoon wallpaper: /Users/stanislavvarga/Wallpapers/afternoon/alessio-furlan--zvr1GET2MY-unsplash.jpg
Wallpaper set successfully on all screens!
No .env file found at //.env
c â–ˆâ–ˆâ•—    â–ˆâ–ˆâ•— â–ˆâ–ˆâ–ˆâ–ˆâ–ˆâ•— â–ˆâ–ˆâ•—     â–ˆâ–ˆâ•—     â–ˆâ–ˆâ–ˆâ–ˆâ–ˆâ–ˆâ•—  â–ˆâ–ˆâ–ˆâ–ˆâ–ˆâ•— â–ˆâ–ˆâ–ˆâ–ˆâ–ˆâ–ˆâ•— â–ˆâ–ˆâ–ˆâ–ˆâ–ˆâ–ˆâ–ˆâ•—â–ˆâ–ˆâ–ˆâ–ˆâ–ˆâ–ˆâ•—     â–ˆâ–ˆâ–ˆâ•—   â–ˆâ–ˆâ•— â–ˆâ–ˆâ–ˆâ–ˆâ–ˆâ–ˆâ•— â–ˆâ–ˆâ–ˆâ•—   â–ˆâ–ˆâ•—
 â–ˆâ–ˆâ•‘    â–ˆâ–ˆâ•‘â–ˆâ–ˆâ•”â•â•â–ˆâ–ˆâ•—â–ˆâ–ˆâ•‘     â–ˆâ–ˆâ•‘     â–ˆâ–ˆâ•”â•â•â–ˆâ–ˆâ•—â–ˆâ–ˆâ•”â•â•â–ˆâ–ˆâ•—â–ˆâ–ˆâ•”â•â•â–ˆâ–ˆâ•—â–ˆâ–ˆâ•”â•â•â•â•â•â–ˆâ–ˆâ•”â•â•â–ˆâ–ˆâ•—    â–ˆâ–ˆâ–ˆâ–ˆâ•—  â–ˆâ–ˆâ•‘â–ˆâ–ˆâ•”â•â•â•â•â• â–ˆâ–ˆâ–ˆâ–ˆâ•—  â–ˆâ–ˆâ•‘
 â–ˆâ–ˆâ•‘ â–ˆâ•— â–ˆâ–ˆâ•‘â–ˆâ–ˆâ–ˆâ–ˆâ–ˆâ–ˆâ–ˆâ•‘â–ˆâ–ˆâ•‘     â–ˆâ–ˆâ•‘     â–ˆâ–ˆâ–ˆâ–ˆâ–ˆâ–ˆâ•”â•â–ˆâ–ˆâ–ˆâ–ˆâ–ˆâ–ˆâ–ˆâ•‘â–ˆâ–ˆâ–ˆâ–ˆâ–ˆâ–ˆâ•”â•â–ˆâ–ˆâ–ˆâ–ˆâ–ˆâ•—  â–ˆâ–ˆâ–ˆâ–ˆâ–ˆâ–ˆâ•”â•    â–ˆâ–ˆâ•”â–ˆâ–ˆâ•— â–ˆâ–ˆâ•‘â–ˆâ–ˆâ•‘  â–ˆâ–ˆâ–ˆâ•—â–ˆâ–ˆâ•”â–ˆâ–ˆâ•— â–ˆâ–ˆâ•‘
 â–ˆâ–ˆâ•‘â–ˆâ–ˆâ–ˆâ•—â–ˆâ–ˆâ•‘â–ˆâ–ˆâ•”â•â•â–ˆâ–ˆâ•‘â–ˆâ–ˆâ•‘     â–ˆâ–ˆâ•‘     â–ˆâ–ˆâ•”â•â•â•â• â–ˆâ–ˆâ•”â•â•â–ˆâ–ˆâ•‘â–ˆâ–ˆâ•”â•â•â•â• â–ˆâ–ˆâ•”â•â•â•  â–ˆâ–ˆâ•”â•â•â–ˆâ–ˆâ•—    â–ˆâ–ˆâ•‘â•šâ–ˆâ–ˆâ•—â–ˆâ–ˆâ•‘â–ˆâ–ˆâ•‘   â–ˆâ–ˆâ•‘â–ˆâ–ˆâ•‘â•šâ–ˆâ–ˆâ•—â–ˆâ–ˆâ•‘
 â•šâ–ˆâ–ˆâ–ˆâ•”â–ˆâ–ˆâ–ˆâ•”â•â–ˆâ–ˆâ•‘  â–ˆâ–ˆâ•‘â–ˆâ–ˆâ–ˆâ–ˆâ–ˆâ–ˆâ–ˆâ•—â–ˆâ–ˆâ–ˆâ–ˆâ–ˆâ–ˆâ–ˆâ•—â–ˆâ–ˆâ•‘     â–ˆâ–ˆâ•‘  â–ˆâ–ˆâ•‘â–ˆâ–ˆâ•‘     â–ˆâ–ˆâ–ˆâ–ˆâ–ˆâ–ˆâ–ˆâ•—â–ˆâ–ˆâ•‘  â–ˆâ–ˆâ•‘    â–ˆâ–ˆâ•‘ â•šâ–ˆâ–ˆâ–ˆâ–ˆâ•‘â•šâ–ˆâ–ˆâ–ˆâ–ˆâ–ˆâ–ˆâ•”â•â–ˆâ–ˆâ•‘ â•šâ–ˆâ–ˆâ–ˆâ–ˆâ•‘
  â•šâ•â•â•â•šâ•â•â• â•šâ•â•  â•šâ•â•â•šâ•â•â•â•â•â•â•â•šâ•â•â•â•â•â•â•â•šâ•â•     â•šâ•â•  â•šâ•â•â•šâ•â•     â•šâ•â•â•â•â•â•â•â•šâ•â•  â•šâ•â•    â•šâ•â•  â•šâ•â•â•â• â•šâ•â•â•â•â•â• â•šâ•â•  â•šâ•â•â•â•
                                                                                                            

Configuration:
  Wallpapers directory: /Users/stanislavvarga/Wallpapers
  Config directory: /Users/stanislavvarga/.wallpaper-ngn
  Config file: /Users/stanislavvarga/.wallpaper-ngn/config.json

Current time of day: morning
Setting morning wallpaper: /Users/stanislavvarga/Wallpapers/morning/paulius-dragunas-644Ort64FVM-unsplash.jpg
Wallpaper set successfully on all screens!
